<?xml version="1.0" encoding="UTF-8"?>
<testng-results ignored="1" total="4" passed="3" failed="0" skipped="0">
	<reporter-output>
	</reporter-output>
	<suite started-at="2024-11-26T21:49:12 CST" name="Default suite"
		finished-at="2024-11-26T21:49:35 CST" duration-ms="23118">
		<groups>
		</groups>
		<test started-at="2024-11-26T21:49:12 CST" name="Default test"
			finished-at="2024-11-26T21:49:35 CST" duration-ms="23118">
			<class name="testNG.RunnerToolsQA">
				<test-method is-config="true"
					signature="setUpDriver()[pri:0, instance:testNG.RunnerToolsQA@55b699ef]"
					started-at="2024-11-26T21:49:12 CST" name="setUpDriver"
					finished-at="2024-11-26T21:49:13 CST" duration-ms="1651"
					status="PASS">
					<reporter-output>
					</reporter-output>
				</test-method> <!--
				setUpDriver -->
				<test-method
					signature="navegacion()[pri:1, instance:testNG.RunnerToolsQA@55b699ef]"
					started-at="2024-11-26T21:49:13 CST" name="navegacion"
					finished-at="2024-11-26T21:49:23 CST" duration-ms="9607"
					status="PASS">
					<reporter-output>
					</reporter-output>
				</test-method> <!--
				navegacion -->
				<test-method
					signature="elemntsCardButton()[pri:2, instance:testNG.RunnerToolsQA@55b699ef]"
					started-at="2024-11-26T21:49:23 CST"
					name="elemntsCardButton"
					finished-at="2024-11-26T21:49:27 CST"
					depends-on-methods="testNG.RunnerToolsQA.navegacion"
					duration-ms="4316" status="PASS">
					<reporter-output>
					</reporter-output>
				</test-method> <!--
				elemntsCardButton -->
				<test-method
					signature="tables()[pri:4, instance:testNG.RunnerToolsQA@55b699ef]"
					started-at="2024-11-26T21:49:27 CST" name="tables"
					finished-at="2024-11-26T21:49:31 CST" duration-ms="3344"
					status="PASS">
					<reporter-output>
					</reporter-output>
				</test-method> <!--
				tables -->
				<test-method is-config="true"
					signature="tearDown()[pri:0, instance:testNG.RunnerToolsQA@55b699ef]"
					started-at="2024-11-26T21:49:31 CST" name="tearDown"
					finished-at="2024-11-26T21:49:35 CST" duration-ms="4154"
					status="PASS">
					<reporter-output>
					</reporter-output>
				</test-method> <!--
				tearDown -->
			</class> <!--
			testNG.RunnerToolsQA -->
		</test> <!--
		Default test -->
	</suite> <!--
	Default suite -->
</testng-results>
