<?xml version="1.0" encoding="UTF-8"?>
<!-- Generated by org.testng.reporters.JUnitXMLReporter -->
<testsuite ignored="1" hostname="DESKTOP-KEG4BQI" failures="0" tests="3"
	name="Default test" time="23.118" errors="0"
	timestamp="2024-11-26T21:49:35 CST">
	<testcase classname="testNG.RunnerToolsQA" name="navegacion" time="9.607" />
	<testcase classname="testNG.RunnerToolsQA" name="elemntsCardButton"
		time="4.316" />
	<testcase classname="testNG.RunnerToolsQA" name="tables" time="3.344" />
	<testcase classname="testNG.RunnerToolsQA" name="elements" time="0.0">
		<ignored />
	</testcase> <!-- elements -->
</testsuite> <!-- Default test -->
